<?xml version="1.0" encoding="UTF-8"?>
<!-- Generated by org.testng.reporters.JUnitReportReporter -->
<testsuite hostname="Arpitha" failures="0" tests="1" name="com.fb.qa.testcases.FacebookPostStatusTest" time="63.964" errors="0" timestamp="23 May 2020 19:56:55 GMT" skipped="0">
  <testcase classname="com.fb.qa.testcases.FacebookPostStatusTest" name="facebookPostStatus" time="63.964"/>
</testsuite> <!-- com.fb.qa.testcases.FacebookPostStatusTest -->
